<?xml version="1.0" encoding="UTF-8"?>
<!-- Generated by org.testng.reporters.JUnitXMLReporter -->
<testsuite hostname="DESKTOP-SRR269D" ignored="0" name="Test" tests="3" failures="0" timestamp="10 Feb 2024 01:25:33 GMT" time="51.18" errors="0">
  <testcase name="orangeHRM_Login" time="11.773" classname="com.Runner.OrangeHRM_myinfo"/>
  <testcase name="myInfo_Page" time="27.407" classname="com.Runner.OrangeHRM_myinfo"/>
  <testcase name="logOut" time="2.346" classname="com.Runner.OrangeHRM_myinfo"/>
</testsuite> <!-- Test -->
