<?xml version="1.0" encoding="UTF-8"?>
<!-- Generated by org.testng.reporters.JUnitXMLReporter -->
<testsuite hostname="DESKTOP-SRR269D" ignored="0" name="Test case" tests="9" failures="0" timestamp="07 Feb 2024 07:28:16 GMT" time="0.13" errors="0">
  <testcase name="loginAmazon" time="0.017" classname="com.sample_TestNG.Dependencies_Management"/>
  <testcase name="searchProduct" time="0.003" classname="com.sample_TestNG.Dependencies_Management"/>
  <testcase name="addToCart" time="0.004" classname="com.sample_TestNG.Dependencies_Management"/>
  <testcase name="proceedToBuy" time="0.004" classname="com.sample_TestNG.Dependencies_Management"/>
  <testcase name="firstTestCase" time="0.006" classname="com.sample_TestNG.Priority_Test"/>
  <testcase name="secondTestCase" time="0.002" classname="com.sample_TestNG.Priority_Test"/>
  <testcase name="thirdTestCase" time="0.002" classname="com.sample_TestNG.Priority_Test"/>
  <testcase name="fourthTestCase" time="0.002" classname="com.sample_TestNG.Priority_Test"/>
  <testcase name="fifthTestCase" time="0.002" classname="com.sample_TestNG.Priority_Test"/>
</testsuite> <!-- Test case -->
